app/build/outputs/logs/manifest-merger-debug-report.txt
-- Merging decision tree log ---
manifest
ADDED from src/main/AndroidManifest.xml:2:1-98:12
	package
		ADDED from src/main/AndroidManifest.xml:3:5-42
		INJECTED from src/main/AndroidManifest.xml
		INJECTED from src/main/AndroidManifest.xml
	android:versionName
		INJECTED from src/main/AndroidManifest.xml
		INJECTED from src/main/AndroidManifest.xml
	xmlns:android
		ADDED from src/main/AndroidManifest.xml:2:11-69
	android:versionCode
		INJECTED from src/main/AndroidManifest.xml
		INJECTED from src/main/AndroidManifest.xml
uses-permission#android.permission.INTERNET
ADDED from src/main/AndroidManifest.xml:5:5-67
MERGED from [com.firebaseui:firebase-ui:1.0.0] AndroidManifest.xml:11:5-67
MERGED from [com.firebaseui:firebase-ui-database:1.0.0] AndroidManifest.xml:11:5-67
MERGED from [com.twitter.sdk.android:tweet-composer:2.0.0] AndroidManifest.xml:25:5-67
MERGED from [com.twitter.sdk.android:tweet-ui:2.0.0] AndroidManifest.xml:25:5-67
MERGED from [com.twitter.sdk.android:twitter-core:2.0.0] AndroidManifest.xml:25:5-67
MERGED from [io.fabric.sdk.android:fabric:1.3.13] AndroidManifest.xml:25:5-67
MERGED from [com.google.android.gms:play-services-ads-lite:10.0.1] AndroidManifest.xml:19:5-66
MERGED from [com.google.android.gms:play-services-analytics:10.0.1] AndroidManifest.xml:20:5-66
MERGED from [com.google.android.gms:play-services-appinvite:10.0.1] AndroidManifest.xml:18:5-66
MERGED from [com.google.firebase:firebase-crash:10.0.1] AndroidManifest.xml:18:5-66
MERGED from [com.google.android.gms:play-services-gcm:10.0.1] AndroidManifest.xml:21:5-66
MERGED from [com.google.android.gms:play-services-iid:10.0.1] AndroidManifest.xml:21:5-66
MERGED from [com.google.android.gms:play-services-tagmanager-api:10.0.1] AndroidManifest.xml:20:5-66
MERGED from [com.google.firebase:firebase-analytics:10.0.1] AndroidManifest.xml:20:5-66
MERGED from [com.google.firebase:firebase-analytics-impl:10.0.1] AndroidManifest.xml:20:5-66
MERGED from [com.google.firebase:firebase-iid:10.0.1] AndroidManifest.xml:20:5-66
MERGED from [com.google.android.gms:play-services-analytics-impl:10.0.1] AndroidManifest.xml:20:5-66
MERGED from [com.google.android.gms:play-services-maps:10.0.1] AndroidManifest.xml:20:5-66
	android:name
		ADDED from src/main/AndroidManifest.xml:5:22-64
uses-permission#android.permission.CAMERA
ADDED from src/main/AndroidManifest.xml:6:5-65
	android:name
		ADDED from src/main/AndroidManifest.xml:6:22-62
uses-permission#android.permission.CALL_PHONE
ADDED from src/main/AndroidManifest.xml:7:5-69
	android:name
		ADDED from src/main/AndroidManifest.xml:7:22-66
application
ADDED from src/main/AndroidManifest.xml:9:5-96:19
MERGED from [com.google.firebase:firebase-core:10.0.1] AndroidManifest.xml:5:5-20
MERGED from [com.firebaseui:firebase-ui-database:1.0.0] AndroidManifest.xml:13:5-17:19
MERGED from [com.firebaseui:firebase-ui-auth:1.0.0] AndroidManifest.xml:14:5-92:19
MERGED from [com.facebook.android:facebook-android-sdk:4.14.1] AndroidManifest.xml:28:5-37:19
MERGED from [com.android.support:customtabs:23.4.0] AndroidManifest.xml:22:5-20
MERGED from [com.android.support:cardview-v7:24.2.1] AndroidManifest.xml:22:5-20
MERGED from [com.twitter.sdk.android:twitter:2.0.0] AndroidManifest.xml:25:5-20
MERGED from [com.twitter.sdk.android:tweet-composer:2.0.0] AndroidManifest.xml:27:5-37:19
MERGED from [com.twitter.sdk.android:tweet-ui:2.0.0] AndroidManifest.xml:27:5-35:19
MERGED from [com.twitter.sdk.android:twitter-core:2.0.0] AndroidManifest.xml:27:5-40:19
MERGED from [io.fabric.sdk.android:fabric:1.3.13] AndroidManifest.xml:27:5-20
MERGED from [com.miguelcatalan:materialsearchview:1.4.0] AndroidManifest.xml:11:5-20
MERGED from [com.android.support:design:24.2.1] AndroidManifest.xml:22:5-20
MERGED from [com.google.android.gms:play-services:10.0.1] AndroidManifest.xml:5:5-20
MERGED from [com.google.android.gms:play-services-ads-lite:10.0.1] AndroidManifest.xml:23:5-27:19
MERGED from [com.google.android.gms:play-services-analytics:10.0.1] AndroidManifest.xml:26:5-19
MERGED from [com.google.android.gms:play-services-appinvite:10.0.1] AndroidManifest.xml:19:5-26:19
MERGED from [com.google.android.gms:play-services-auth:10.0.1] AndroidManifest.xml:19:5-25:19
MERGED from [com.google.android.gms:play-services-cast-framework:10.0.1] AndroidManifest.xml:4:5-8:19
MERGED from [com.google.android.gms:play-services-cast:10.0.1] AndroidManifest.xml:18:5-19
MERGED from [com.android.support:mediarouter-v7:24.0.0] AndroidManifest.xml:22:5-20
MERGED from [com.android.support:palette-v7:24.2.1] AndroidManifest.xml:22:5-23:19
MERGED from [com.android.support:appcompat-v7:24.2.1] AndroidManifest.xml:25:5-20
MERGED from [com.android.support:animated-vector-drawable:24.2.1] AndroidManifest.xml:22:5-20
MERGED from [com.android.support:support-vector-drawable:24.2.1] AndroidManifest.xml:23:5-20
MERGED from [com.google.android.gms:play-services-clearcut:10.0.1] AndroidManifest.xml:18:5-19
MERGED from [com.google.firebase:firebase-config:10.0.1] AndroidManifest.xml:18:5-19
MERGED from [com.google.android.gms:play-services-awareness:10.0.1] AndroidManifest.xml:18:5-19
MERGED from [com.google.firebase:firebase-crash:10.0.1] AndroidManifest.xml:22:5-23:19
MERGED from [com.google.firebase:firebase-auth:10.0.1] AndroidManifest.xml:19:5-20:19
MERGED from [com.google.firebase:firebase-messaging:10.0.1] AndroidManifest.xml:19:5-29:19
MERGED from [com.google.android.gms:play-services-fitness:10.0.1] AndroidManifest.xml:18:5-19
MERGED from [com.google.android.gms:play-services-games:10.0.1] AndroidManifest.xml:18:5-19
MERGED from [com.google.android.gms:play-services-drive:10.0.1] AndroidManifest.xml:18:5-19
MERGED from [com.google.android.gms:play-services-gass:10.0.1] AndroidManifest.xml:4:5-19
MERGED from [com.google.android.gms:play-services-gcm:10.0.1] AndroidManifest.xml:23:5-19
MERGED from [com.google.firebase:firebase-appindexing:10.0.1] AndroidManifest.xml:18:5-19
MERGED from [com.google.android.gms:play-services-iid:10.0.1] AndroidManifest.xml:23:5-19
MERGED from [com.google.android.gms:play-services-location:10.0.1] AndroidManifest.xml:4:5-19
MERGED from [com.google.android.gms:play-services-nearby:10.0.1] AndroidManifest.xml:5:5-19
MERGED from [com.google.android.gms:play-services-panorama:10.0.1] AndroidManifest.xml:18:5-19
MERGED from [com.google.android.gms:play-services-places:10.0.1] AndroidManifest.xml:18:5-19
MERGED from [com.google.android.gms:play-services-plus:10.0.1] AndroidManifest.xml:18:5-19
MERGED from [com.google.android.gms:play-services-safetynet:10.0.1] AndroidManifest.xml:18:5-19
MERGED from [com.google.android.gms:play-services-tagmanager-api:10.0.1] AndroidManifest.xml:23:5-33:19
MERGED from [com.google.firebase:firebase-analytics:10.0.1] AndroidManifest.xml:24:5-33:19
MERGED from [com.google.firebase:firebase-analytics-impl:10.0.1] AndroidManifest.xml:24:5-28:19
MERGED from [com.google.firebase:firebase-iid:10.0.1] AndroidManifest.xml:28:5-50:19
MERGED from [com.google.firebase:firebase-common:10.0.1] AndroidManifest.xml:4:5-7:19
MERGED from [com.google.android.gms:play-services-tagmanager-v4-impl:10.0.1] AndroidManifest.xml:19:5-19
MERGED from [com.google.android.gms:play-services-analytics-impl:10.0.1] AndroidManifest.xml:26:5-19
MERGED from [com.google.android.gms:play-services-vision:10.0.1] AndroidManifest.xml:4:5-19
MERGED from [com.google.android.gms:play-services-identity:10.0.1] AndroidManifest.xml:18:5-19
MERGED from [com.google.android.gms:play-services-maps:10.0.1] AndroidManifest.xml:24:5-19
MERGED from [com.google.android.gms:play-services-wearable:10.0.1] AndroidManifest.xml:18:5-19
MERGED from [com.google.android.gms:play-services-base:10.0.1] AndroidManifest.xml:18:5-20:19
MERGED from [com.google.android.gms:play-services-tasks:10.0.1] AndroidManifest.xml:4:5-19
MERGED from [com.google.android.gms:play-services-basement:10.0.1] AndroidManifest.xml:19:5-21:19
MERGED from [com.android.support:support-v4:24.2.1] AndroidManifest.xml:25:5-20
MERGED from [com.android.support:support-fragment:24.2.1] AndroidManifest.xml:25:5-20
MERGED from [com.android.support:support-media-compat:24.2.1] AndroidManifest.xml:25:5-20
MERGED from [com.android.support:support-core-ui:24.2.1] AndroidManifest.xml:25:5-20
MERGED from [com.android.support:support-core-utils:24.2.1] AndroidManifest.xml:25:5-20
MERGED from [com.android.support:support-compat:24.2.1] AndroidManifest.xml:25:5-20
MERGED from [com.android.support.constraint:constraint-layout:1.0.0-beta4] AndroidManifest.xml:9:5-20
	android:label
		ADDED from src/main/AndroidManifest.xml:14:9-41
	android:supportsRtl
		ADDED from src/main/AndroidManifest.xml:15:9-35
	android:allowBackup
		ADDED from src/main/AndroidManifest.xml:12:9-35
	android:icon
		ADDED from src/main/AndroidManifest.xml:13:9-43
	android:theme
		ADDED from src/main/AndroidManifest.xml:16:9-40
	android:name
		ADDED from src/main/AndroidManifest.xml:10:9-33
activity#com.zconnect.login.zconnect.logo
ADDED from src/main/AndroidManifest.xml:19:9-29:20
	android:label
		ADDED from src/main/AndroidManifest.xml:22:13-45
	android:configChanges
		ADDED from src/main/AndroidManifest.xml:21:13-74
	android:theme
		ADDED from src/main/AndroidManifest.xml:23:13-51
	android:name
		ADDED from src/main/AndroidManifest.xml:20:13-33
intent-filter#android.intent.action.MAIN+android.intent.category.LAUNCHER
ADDED from src/main/AndroidManifest.xml:24:13-28:29
action#android.intent.action.MAIN
ADDED from src/main/AndroidManifest.xml:25:17-69
	android:name
		ADDED from src/main/AndroidManifest.xml:25:25-66
category#android.intent.category.LAUNCHER
ADDED from src/main/AndroidManifest.xml:27:17-77
	android:name
		ADDED from src/main/AndroidManifest.xml:27:27-74
activity#com.zconnect.login.zconnect.logIn
ADDED from src/main/AndroidManifest.xml:32:9-38:20
	android:name
		ADDED from src/main/AndroidManifest.xml:32:19-40
intent-filter#android.intent.category.DEFAULT+com.zconnect.login.zconnect.logIn
ADDED from src/main/AndroidManifest.xml:33:13-37:29
action#com.zconnect.login.zconnect.logIn
ADDED from src/main/AndroidManifest.xml:34:17-76
	android:name
		ADDED from src/main/AndroidManifest.xml:34:25-73
category#android.intent.category.DEFAULT
ADDED from src/main/AndroidManifest.xml:36:17-76
	android:name
		ADDED from src/main/AndroidManifest.xml:36:27-73
activity#com.zconnect.login.zconnect.home
ADDED from src/main/AndroidManifest.xml:41:9-47:20
	android:name
		ADDED from src/main/AndroidManifest.xml:41:19-39
intent-filter#android.intent.category.DEFAULT+com.zconnect.login.zconnect.comunitylist
ADDED from src/main/AndroidManifest.xml:42:13-46:29
action#com.zconnect.login.zconnect.comunitylist
ADDED from src/main/AndroidManifest.xml:43:17-83
	android:name
		ADDED from src/main/AndroidManifest.xml:43:25-80
activity#com.zconnect.login.zconnect.Phonebook_File.Phonebook
ADDED from src/main/AndroidManifest.xml:48:9-55:20
	android:label
		ADDED from src/main/AndroidManifest.xml:50:13-61
	android:theme
		ADDED from src/main/AndroidManifest.xml:51:13-44
	android:name
		ADDED from src/main/AndroidManifest.xml:49:13-53
meta-data#android.app.default_searchable
ADDED from src/main/AndroidManifest.xml:52:13-54:67
	android:value
		ADDED from src/main/AndroidManifest.xml:54:17-64
	android:name
		ADDED from src/main/AndroidManifest.xml:53:17-62
activity#com.zconnect.login.zconnect.Phonebook_File.AddContact
ADDED from src/main/AndroidManifest.xml:56:9-59:47
	android:label
		ADDED from src/main/AndroidManifest.xml:58:13-63
	android:theme
		ADDED from src/main/AndroidManifest.xml:59:13-44
	android:name
		ADDED from src/main/AndroidManifest.xml:57:13-54
activity#com.zconnect.login.zconnect.Phonebook_File.PhonebookDetails
ADDED from src/main/AndroidManifest.xml:60:9-63:47
	android:label
		ADDED from src/main/AndroidManifest.xml:62:13-36
	android:theme
		ADDED from src/main/AndroidManifest.xml:63:13-44
	android:name
		ADDED from src/main/AndroidManifest.xml:61:13-60
activity#com.zconnect.login.zconnect.Phonebook_File.PhonebookSearch
ADDED from src/main/AndroidManifest.xml:64:9-76:20
	android:label
		ADDED from src/main/AndroidManifest.xml:66:13-43
	android:parentActivityName
		ADDED from src/main/AndroidManifest.xml:68:13-67
	android:launchMode
		ADDED from src/main/AndroidManifest.xml:67:13-43
	android:name
		ADDED from src/main/AndroidManifest.xml:65:13-59
intent-filter#android.intent.action.SEARCH
ADDED from src/main/AndroidManifest.xml:69:13-71:29
action#android.intent.action.SEARCH
ADDED from src/main/AndroidManifest.xml:70:17-71
	android:name
		ADDED from src/main/AndroidManifest.xml:70:25-68
meta-data#android.app.searchable
ADDED from src/main/AndroidManifest.xml:73:13-75:54
	android:resource
		ADDED from src/main/AndroidManifest.xml:75:17-51
	android:name
		ADDED from src/main/AndroidManifest.xml:74:17-54
activity#com.zconnect.login.zconnect.StoreRoom
ADDED from src/main/AndroidManifest.xml:77:9-80:47
	android:label
		ADDED from src/main/AndroidManifest.xml:79:13-62
	android:theme
		ADDED from src/main/AndroidManifest.xml:80:13-44
	android:name
		ADDED from src/main/AndroidManifest.xml:78:13-38
activity#com.zconnect.login.zconnect.AddProduct
ADDED from src/main/AndroidManifest.xml:81:9-48
	android:name
		ADDED from src/main/AndroidManifest.xml:81:19-45
activity#com.zconnect.login.zconnect.TabStoreRoom
ADDED from src/main/AndroidManifest.xml:82:9-85:47
	android:label
		ADDED from src/main/AndroidManifest.xml:84:13-56
	android:theme
		ADDED from src/main/AndroidManifest.xml:85:13-44
	android:name
		ADDED from src/main/AndroidManifest.xml:83:13-41
activity#com.zconnect.login.zconnect.NewUser
ADDED from src/main/AndroidManifest.xml:86:9-45
	android:name
		ADDED from src/main/AndroidManifest.xml:86:19-42
activity#com.zconnect.login.zconnect.MyProducts
ADDED from src/main/AndroidManifest.xml:87:9-48
	android:name
		ADDED from src/main/AndroidManifest.xml:87:19-45
activity#com.zconnect.login.zconnect.AddEvent
ADDED from src/main/AndroidManifest.xml:88:9-46
	android:name
		ADDED from src/main/AndroidManifest.xml:88:19-43
activity#com.zconnect.login.zconnect.AllEvents
ADDED from src/main/AndroidManifest.xml:89:9-47
	android:name
		ADDED from src/main/AndroidManifest.xml:89:19-44
activity#com.zconnect.login.zconnect.OpenEventDetail
ADDED from src/main/AndroidManifest.xml:90:9-53
	android:name
		ADDED from src/main/AndroidManifest.xml:90:19-50
activity#com.zconnect.login.zconnect.OpenProductDetail
ADDED from src/main/AndroidManifest.xml:91:9-55
	android:name
		ADDED from src/main/AndroidManifest.xml:91:19-52
activity#com.zconnect.login.zconnect.HomeActivity
ADDED from src/main/AndroidManifest.xml:92:9-95:47
	android:label
		ADDED from src/main/AndroidManifest.xml:94:13-37
	android:theme
		ADDED from src/main/AndroidManifest.xml:95:13-44
	android:name
		ADDED from src/main/AndroidManifest.xml:93:13-41
uses-sdk
INJECTED from src/main/AndroidManifest.xml reason: use-sdk injection requested
MERGED from [com.google.firebase:firebase-core:10.0.1] AndroidManifest.xml:4:5-42
MERGED from [com.firebaseui:firebase-ui:1.0.0] AndroidManifest.xml:7:5-9:41
MERGED from [com.firebaseui:firebase-ui-database:1.0.0] AndroidManifest.xml:7:5-9:41
MERGED from [com.firebaseui:firebase-ui-auth:1.0.0] AndroidManifest.xml:8:5-10:41
MERGED from [com.facebook.android:facebook-android-sdk:4.14.1] AndroidManifest.xml:24:5-26:41
MERGED from [com.android.support:customtabs:23.4.0] AndroidManifest.xml:20:5-44
MERGED from [com.android.support:cardview-v7:24.2.1] AndroidManifest.xml:20:5-43
MERGED from [com.twitter.sdk.android:twitter:2.0.0] AndroidManifest.xml:23:5-44
MERGED from [com.twitter.sdk.android:tweet-composer:2.0.0] AndroidManifest.xml:23:5-44
MERGED from [com.twitter.sdk.android:tweet-ui:2.0.0] AndroidManifest.xml:23:5-44
MERGED from [com.twitter.sdk.android:twitter-core:2.0.0] AndroidManifest.xml:23:5-44
MERGED from [io.fabric.sdk.android:fabric:1.3.13] AndroidManifest.xml:23:5-43
MERGED from [com.firebaseui:firebase-ui-storage:1.0.0] AndroidManifest.xml:7:5-9:41
MERGED from [com.miguelcatalan:materialsearchview:1.4.0] AndroidManifest.xml:7:5-9:41
MERGED from [com.android.support:design:24.2.1] AndroidManifest.xml:20:5-43
MERGED from [com.android.support:recyclerview-v7:24.2.1] AndroidManifest.xml:20:5-43
MERGED from [com.facebook.fresco:fresco:0.12.0] AndroidManifest.xml:5:5-7:41
MERGED from [com.facebook.fresco:drawee:0.12.0] AndroidManifest.xml:5:5-7:41
MERGED from [com.facebook.fresco:imagepipeline:0.12.0] AndroidManifest.xml:5:5-7:41
MERGED from [com.facebook.fresco:imagepipeline-base:0.12.0] AndroidManifest.xml:5:5-7:41
MERGED from [com.facebook.fresco:fbcore:0.12.0] AndroidManifest.xml:5:5-7:41
MERGED from [com.github.jjobes:slideDateTimePicker:1.0.2] AndroidManifest.xml:5:5-7:41
MERGED from [com.google.android.gms:play-services:10.0.1] AndroidManifest.xml:4:5-42
MERGED from [com.google.android.gms:play-services-ads:10.0.1] AndroidManifest.xml:17:5-42
MERGED from [com.google.android.gms:play-services-ads-lite:10.0.1] AndroidManifest.xml:22:5-42
MERGED from [com.google.android.gms:play-services-analytics:10.0.1] AndroidManifest.xml:17:5-42
MERGED from [com.google.android.gms:play-services-appinvite:10.0.1] AndroidManifest.xml:17:5-42
MERGED from [com.google.android.gms:play-services-auth:10.0.1] AndroidManifest.xml:17:5-42
MERGED from [com.google.android.gms:play-services-auth-base:10.0.1] AndroidManifest.xml:4:5-42
MERGED from [com.google.android.gms:play-services-cast-framework:10.0.1] AndroidManifest.xml:3:5-42
MERGED from [com.google.android.gms:play-services-cast:10.0.1] AndroidManifest.xml:17:5-42
MERGED from [com.android.support:mediarouter-v7:24.0.0] AndroidManifest.xml:20:5-43
MERGED from [com.android.support:palette-v7:24.2.1] AndroidManifest.xml:20:5-43
MERGED from [com.android.support:appcompat-v7:24.2.1] AndroidManifest.xml:21:5-23:78
MERGED from [com.android.support:animated-vector-drawable:24.2.1] AndroidManifest.xml:20:5-44
MERGED from [com.android.support:support-vector-drawable:24.2.1] AndroidManifest.xml:21:5-43
MERGED from [com.google.android.gms:play-services-clearcut:10.0.1] AndroidManifest.xml:17:5-42
MERGED from [com.google.firebase:firebase-config:10.0.1] AndroidManifest.xml:17:5-42
MERGED from [com.google.android.gms:play-services-awareness:10.0.1] AndroidManifest.xml:17:5-42
MERGED from [com.google.firebase:firebase-crash:10.0.1] AndroidManifest.xml:20:5-42
MERGED from [com.google.firebase:firebase-auth:10.0.1] AndroidManifest.xml:17:5-42
MERGED from [com.google.firebase:firebase-database:10.0.1] AndroidManifest.xml:3:5-42
MERGED from [com.google.firebase:firebase-database-connection:10.0.1] AndroidManifest.xml:3:5-42
MERGED from [com.google.firebase:firebase-messaging:10.0.1] AndroidManifest.xml:17:5-42
MERGED from [com.google.firebase:firebase-storage:10.0.1] AndroidManifest.xml:3:5-42
MERGED from [com.google.firebase:firebase-storage-common:10.0.1] AndroidManifest.xml:3:5-42
MERGED from [com.google.android.gms:play-services-fitness:10.0.1] AndroidManifest.xml:17:5-42
MERGED from [com.google.android.gms:play-services-games:10.0.1] AndroidManifest.xml:17:5-42
MERGED from [com.google.android.gms:play-services-drive:10.0.1] AndroidManifest.xml:17:5-42
MERGED from [com.google.android.gms:play-services-gass:10.0.1] AndroidManifest.xml:3:5-42
MERGED from [com.google.android.gms:play-services-gcm:10.0.1] AndroidManifest.xml:17:5-42
MERGED from [com.google.firebase:firebase-appindexing:10.0.1] AndroidManifest.xml:17:5-42
MERGED from [com.google.android.gms:play-services-iid:10.0.1] AndroidManifest.xml:17:5-42
MERGED from [com.google.android.gms:play-services-instantapps:10.0.1] AndroidManifest.xml:3:5-42
MERGED from [com.google.android.gms:play-services-location:10.0.1] AndroidManifest.xml:3:5-42
MERGED from [com.google.android.gms:play-services-nearby:10.0.1] AndroidManifest.xml:3:5-42
MERGED from [com.google.android.gms:play-services-panorama:10.0.1] AndroidManifest.xml:17:5-42
MERGED from [com.google.android.gms:play-services-places:10.0.1] AndroidManifest.xml:17:5-42
MERGED from [com.google.android.gms:play-services-plus:10.0.1] AndroidManifest.xml:17:5-42
MERGED from [com.google.android.gms:play-services-safetynet:10.0.1] AndroidManifest.xml:17:5-42
MERGED from [com.google.android.gms:play-services-tagmanager:10.0.1] AndroidManifest.xml:17:5-42
MERGED from [com.google.android.gms:play-services-tagmanager-api:10.0.1] AndroidManifest.xml:17:5-42
MERGED from [com.google.firebase:firebase-analytics:10.0.1] AndroidManifest.xml:17:5-42
MERGED from [com.google.firebase:firebase-analytics-impl:10.0.1] AndroidManifest.xml:17:5-42
MERGED from [com.google.firebase:firebase-iid:10.0.1] AndroidManifest.xml:17:5-42
MERGED from [com.google.firebase:firebase-common:10.0.1] AndroidManifest.xml:3:5-42
MERGED from [com.google.android.gms:play-services-tagmanager-v4-impl:10.0.1] AndroidManifest.xml:17:5-42
MERGED from [com.google.android.gms:play-services-analytics-impl:10.0.1] AndroidManifest.xml:17:5-42
MERGED from [com.google.android.gms:play-services-vision:10.0.1] AndroidManifest.xml:3:5-42
MERGED from [com.google.android.gms:play-services-wallet:10.0.1] AndroidManifest.xml:18:5-42
MERGED from [com.google.android.gms:play-services-identity:10.0.1] AndroidManifest.xml:17:5-42
MERGED from [com.google.android.gms:play-services-maps:10.0.1] AndroidManifest.xml:23:5-42
MERGED from [com.google.android.gms:play-services-wearable:10.0.1] AndroidManifest.xml:17:5-42
MERGED from [com.google.android.gms:play-services-base:10.0.1] AndroidManifest.xml:17:5-42
MERGED from [com.google.android.gms:play-services-tasks:10.0.1] AndroidManifest.xml:3:5-42
MERGED from [com.google.android.gms:play-services-basement:10.0.1] AndroidManifest.xml:17:5-42
MERGED from [com.android.support:support-v4:24.2.1] AndroidManifest.xml:21:5-23:54
MERGED from [com.android.support:support-fragment:24.2.1] AndroidManifest.xml:21:5-23:60
MERGED from [com.android.support:support-media-compat:24.2.1] AndroidManifest.xml:21:5-23:63
MERGED from [com.android.support:support-core-ui:24.2.1] AndroidManifest.xml:21:5-23:58
MERGED from [com.android.support:support-core-utils:24.2.1] AndroidManifest.xml:21:5-23:61
MERGED from [com.android.support:support-compat:24.2.1] AndroidManifest.xml:21:5-23:58
MERGED from [com.android.support.constraint:constraint-layout:1.0.0-beta4] AndroidManifest.xml:5:5-7:41
	tools:overrideLibrary
		ADDED from [com.android.support:appcompat-v7:24.2.1] AndroidManifest.xml:23:9-75
	android:targetSdkVersion
		INJECTED from src/main/AndroidManifest.xml
		INJECTED from src/main/AndroidManifest.xml
	android:minSdkVersion
		INJECTED from src/main/AndroidManifest.xml
		INJECTED from src/main/AndroidManifest.xml
meta-data#com.google.android.gms.version
ADDED from [com.firebaseui:firebase-ui-database:1.0.0] AndroidManifest.xml:14:9-16:69
MERGED from [com.firebaseui:firebase-ui-auth:1.0.0] AndroidManifest.xml:15:9-17:69
MERGED from [com.google.android.gms:play-services-basement:10.0.1] AndroidManifest.xml:20:9-121
	android:value
		ADDED from [com.firebaseui:firebase-ui-database:1.0.0] AndroidManifest.xml:16:13-66
	android:name
		ADDED from [com.firebaseui:firebase-ui-database:1.0.0] AndroidManifest.xml:15:13-58
uses-permission#android.permission.ACCESS_NETWORK_STATE
ADDED from [com.firebaseui:firebase-ui-auth:1.0.0] AndroidManifest.xml:12:5-79
MERGED from [com.google.android.gms:play-services-ads-lite:10.0.1] AndroidManifest.xml:20:5-78
MERGED from [com.google.android.gms:play-services-analytics:10.0.1] AndroidManifest.xml:21:5-78
MERGED from [com.google.android.gms:play-services-nearby:10.0.1] AndroidManifest.xml:4:5-78
MERGED from [com.google.android.gms:play-services-tagmanager-api:10.0.1] AndroidManifest.xml:21:5-78
MERGED from [com.google.firebase:firebase-analytics:10.0.1] AndroidManifest.xml:21:5-78
MERGED from [com.google.firebase:firebase-analytics-impl:10.0.1] AndroidManifest.xml:21:5-78
MERGED from [com.google.firebase:firebase-iid:10.0.1] AndroidManifest.xml:19:5-78
MERGED from [com.google.android.gms:play-services-analytics-impl:10.0.1] AndroidManifest.xml:21:5-78
MERGED from [com.google.android.gms:play-services-maps:10.0.1] AndroidManifest.xml:19:5-78
	android:name
		ADDED from [com.firebaseui:firebase-ui-auth:1.0.0] AndroidManifest.xml:12:22-76
activity#com.firebase.ui.auth.ui.email.ConfirmRecoverPasswordActivity
ADDED from [com.firebaseui:firebase-ui-auth:1.0.0] AndroidManifest.xml:19:9-23:56
	android:label
		ADDED from [com.firebaseui:firebase-ui-auth:1.0.0] AndroidManifest.xml:22:13-76
	android:exported
		ADDED from [com.firebaseui:firebase-ui-auth:1.0.0] AndroidManifest.xml:21:13-37
	android:theme
		ADDED from [com.firebaseui:firebase-ui-auth:1.0.0] AndroidManifest.xml:23:13-53
	android:name
		ADDED from [com.firebaseui:firebase-ui-auth:1.0.0] AndroidManifest.xml:20:13-88
activity#com.firebase.ui.auth.ui.email.EmailHintContainerActivity
ADDED from [com.firebaseui:firebase-ui-auth:1.0.0] AndroidManifest.xml:24:9-28:61
	android:label
		ADDED from [com.firebaseui:firebase-ui-auth:1.0.0] AndroidManifest.xml:27:13-58
	android:exported
		ADDED from [com.firebaseui:firebase-ui-auth:1.0.0] AndroidManifest.xml:26:13-37
	android:theme
		ADDED from [com.firebaseui:firebase-ui-auth:1.0.0] AndroidManifest.xml:28:13-58
	android:name
		ADDED from [com.firebaseui:firebase-ui-auth:1.0.0] AndroidManifest.xml:25:13-84
activity#com.firebase.ui.auth.ui.email.RecoverPasswordActivity
ADDED from [com.firebaseui:firebase-ui-auth:1.0.0] AndroidManifest.xml:29:9-33:49
	android:label
		ADDED from [com.firebaseui:firebase-ui-auth:1.0.0] AndroidManifest.xml:32:13-68
	android:exported
		ADDED from [com.firebaseui:firebase-ui-auth:1.0.0] AndroidManifest.xml:31:13-37
	android:theme
		ADDED from [com.firebaseui:firebase-ui-auth:1.0.0] AndroidManifest.xml:33:13-46
	android:name
		ADDED from [com.firebaseui:firebase-ui-auth:1.0.0] AndroidManifest.xml:30:13-81
activity#com.firebase.ui.auth.ui.email.RegisterEmailActivity
ADDED from [com.firebaseui:firebase-ui-auth:1.0.0] AndroidManifest.xml:34:9-38:49
	android:label
		ADDED from [com.firebaseui:firebase-ui-auth:1.0.0] AndroidManifest.xml:37:13-66
	android:exported
		ADDED from [com.firebaseui:firebase-ui-auth:1.0.0] AndroidManifest.xml:36:13-37
	android:theme
		ADDED from [com.firebaseui:firebase-ui-auth:1.0.0] AndroidManifest.xml:38:13-46
	android:name
		ADDED from [com.firebaseui:firebase-ui-auth:1.0.0] AndroidManifest.xml:35:13-79
activity#com.firebase.ui.auth.ui.email.SignInNoPasswordActivity
ADDED from [com.firebaseui:firebase-ui-auth:1.0.0] AndroidManifest.xml:39:9-43:49
	android:label
		ADDED from [com.firebaseui:firebase-ui-auth:1.0.0] AndroidManifest.xml:42:13-71
	android:exported
		ADDED from [com.firebaseui:firebase-ui-auth:1.0.0] AndroidManifest.xml:41:13-37
	android:theme
		ADDED from [com.firebaseui:firebase-ui-auth:1.0.0] AndroidManifest.xml:43:13-46
	android:name
		ADDED from [com.firebaseui:firebase-ui-auth:1.0.0] AndroidManifest.xml:40:13-82
activity#com.firebase.ui.auth.ui.email.SignInActivity
ADDED from [com.firebaseui:firebase-ui-auth:1.0.0] AndroidManifest.xml:44:9-48:49
	android:label
		ADDED from [com.firebaseui:firebase-ui-auth:1.0.0] AndroidManifest.xml:47:13-59
	android:exported
		ADDED from [com.firebaseui:firebase-ui-auth:1.0.0] AndroidManifest.xml:46:13-37
	android:theme
		ADDED from [com.firebaseui:firebase-ui-auth:1.0.0] AndroidManifest.xml:48:13-46
	android:name
		ADDED from [com.firebaseui:firebase-ui-auth:1.0.0] AndroidManifest.xml:45:13-72
activity#com.firebase.ui.auth.ui.account_link.WelcomeBackIdpPrompt
ADDED from [com.firebaseui:firebase-ui-auth:1.0.0] AndroidManifest.xml:49:9-53:49
	android:label
		ADDED from [com.firebaseui:firebase-ui-auth:1.0.0] AndroidManifest.xml:52:13-66
	android:exported
		ADDED from [com.firebaseui:firebase-ui-auth:1.0.0] AndroidManifest.xml:51:13-37
	android:theme
		ADDED from [com.firebaseui:firebase-ui-auth:1.0.0] AndroidManifest.xml:53:13-46
	android:name
		ADDED from [com.firebaseui:firebase-ui-auth:1.0.0] AndroidManifest.xml:50:13-85
activity#com.firebase.ui.auth.ui.account_link.WelcomeBackPasswordPrompt
ADDED from [com.firebaseui:firebase-ui-auth:1.0.0] AndroidManifest.xml:54:9-58:49
	android:label
		ADDED from [com.firebaseui:firebase-ui-auth:1.0.0] AndroidManifest.xml:57:13-71
	android:exported
		ADDED from [com.firebaseui:firebase-ui-auth:1.0.0] AndroidManifest.xml:56:13-37
	android:theme
		ADDED from [com.firebaseui:firebase-ui-auth:1.0.0] AndroidManifest.xml:58:13-46
	android:name
		ADDED from [com.firebaseui:firebase-ui-auth:1.0.0] AndroidManifest.xml:55:13-90
activity#com.firebase.ui.auth.ui.idp.AuthMethodPickerActivity
ADDED from [com.firebaseui:firebase-ui-auth:1.0.0] AndroidManifest.xml:59:9-63:49
	android:label
		ADDED from [com.firebaseui:firebase-ui-auth:1.0.0] AndroidManifest.xml:62:13-58
	android:exported
		ADDED from [com.firebaseui:firebase-ui-auth:1.0.0] AndroidManifest.xml:61:13-37
	android:theme
		ADDED from [com.firebaseui:firebase-ui-auth:1.0.0] AndroidManifest.xml:63:13-46
	android:name
		ADDED from [com.firebaseui:firebase-ui-auth:1.0.0] AndroidManifest.xml:60:13-80
activity#com.firebase.ui.auth.ui.idp.IdpSignInContainerActivity
ADDED from [com.firebaseui:firebase-ui-auth:1.0.0] AndroidManifest.xml:64:9-68:61
	android:label
		ADDED from [com.firebaseui:firebase-ui-auth:1.0.0] AndroidManifest.xml:67:13-58
	android:exported
		ADDED from [com.firebaseui:firebase-ui-auth:1.0.0] AndroidManifest.xml:66:13-37
	android:theme
		ADDED from [com.firebaseui:firebase-ui-auth:1.0.0] AndroidManifest.xml:68:13-58
	android:name
		ADDED from [com.firebaseui:firebase-ui-auth:1.0.0] AndroidManifest.xml:65:13-82
activity#com.firebase.ui.auth.ui.ChooseAccountActivity
ADDED from [com.firebaseui:firebase-ui-auth:1.0.0] AndroidManifest.xml:69:9-73:61
	android:label
		ADDED from [com.firebaseui:firebase-ui-auth:1.0.0] AndroidManifest.xml:72:13-58
	android:exported
		ADDED from [com.firebaseui:firebase-ui-auth:1.0.0] AndroidManifest.xml:71:13-37
	android:theme